0 info it worked if it ends with ok
1 verbose cli [ '/usr/local/bin/node', '/usr/local/bin/npm', 'publish' ]
2 info using npm@3.4.0
3 info using node@v5.0.0
4 verbose publish [ '.' ]
5 silly cache add args [ '.', null ]
6 verbose cache add spec .
7 silly cache add parsed spec Result {
7 silly cache add   raw: '.',
7 silly cache add   scope: null,
7 silly cache add   name: null,
7 silly cache add   rawSpec: '.',
7 silly cache add   spec: '/Users/i834660/GIT/generator-localwebdevtoolkit',
7 silly cache add   type: 'directory' }
8 verbose addLocalDirectory /Users/i834660/.npm/generator-localwebdevtoolkit/0.0.8/package.tgz not in flight; packing
9 info lifecycle generator-localwebdevtoolkit@0.0.8~prepublish: generator-localwebdevtoolkit@0.0.8
10 silly lifecycle generator-localwebdevtoolkit@0.0.8~prepublish: no script for prepublish, continuing
11 verbose tar pack [ '/Users/i834660/.npm/generator-localwebdevtoolkit/0.0.8/package.tgz',
11 verbose tar pack   '/Users/i834660/GIT/generator-localwebdevtoolkit' ]
12 verbose tarball /Users/i834660/.npm/generator-localwebdevtoolkit/0.0.8/package.tgz
13 verbose folder /Users/i834660/GIT/generator-localwebdevtoolkit
14 verbose addLocalTarball adding from inside cache /Users/i834660/.npm/generator-localwebdevtoolkit/0.0.8/package.tgz
15 silly cache afterAdd generator-localwebdevtoolkit@0.0.8
16 verbose afterAdd /Users/i834660/.npm/generator-localwebdevtoolkit/0.0.8/package/package.json not in flight; writing
17 verbose afterAdd /Users/i834660/.npm/generator-localwebdevtoolkit/0.0.8/package/package.json written
18 silly publish { name: 'generator-localwebdevtoolkit',
18 silly publish   version: '0.0.8',
18 silly publish   description: 'Local Web Development Toolkit',
18 silly publish   keywords: [ 'yeoman-generator' ],
18 silly publish   scripts: { test: 'echo "Error: no test specified" && exit 1' },
18 silly publish   files: [ 'generators' ],
18 silly publish   repository:
18 silly publish    { type: 'git',
18 silly publish      url: 'git+https://github.com/frankrafael/generator-localwebdevtoolkit.git' },
18 silly publish   author: { name: 'Rafael Frank', email: 'franktestrlz@gmail.com' },
18 silly publish   license: 'MIT',
18 silly publish   bugs: { url: 'https://github.com/frankrafael/generator-localwebdevtoolkit/issues' },
18 silly publish   homepage: 'https://github.com/frankrafael/generator-localwebdevtoolkit#readme',
18 silly publish   dependencies:
18 silly publish    { grunt: '^0.4.5',
18 silly publish      'grunt-middleware-proxy': '^0.0.6',
18 silly publish      'grunt-connect-rewrite': '^0.2.1',
18 silly publish      'grunt-contrib-connect': '^0.11.2',
18 silly publish      'grunt-contrib-watch': '^0.6.1',
18 silly publish      'include-all': '^0.1.6',
18 silly publish      path: '^0.12.7',
18 silly publish      'yeoman-generator': '^0.20.3' },
18 silly publish   readme: '# Simple NodeJS Server with Proxy included\nThe purpose of this module is help web developers to quickly run and develop web applications on their local NodeJS environment, and through the Bundled Proxy setup, connect to the actual data server (Trick the [Same-origin policy](https://en.wikipedia.org/wiki/Same-origin_policy) standards), without requiring modifications to the application code.\n\n##### Constraints\n* You are developing the UI(HTML) of your web application locally.\n* You have the database server located somewhere on the web.\n\n#### Problem\n* You want to connect your application (localhost) to the database server (https://...), so you can test with the data that you actually have on your external web server (e.g. Amazon.com).\n\n#### Solution\n\n1. Install [Yeoman](http://yeoman.io/) by `npm install yo -g`\n2. Install [GruntJS](http://gruntjs.com/) by `npm install grunt-cli -g`\n3. Install the toolkit `npm install generator-localwebdevtoolkit -g`\n4. Navigate to your project folder\n5. Run `yo localwebdevtoolkit`\n\nAll you have to do now is configure the grunt tasks and run ```grunt serve```.\n\n#### Configuration\n\nThis sandbox is based purely on GruntJS Modules, hence it is easy to extend and to configure.\nThe folder structure by default looks like:\n```\nyourprojectfolder/\n  grunt/\n    config/\n       *here you place all configuration files*\n    tasks/\n       *here you map the configuration files to tasks*\n```\nFeel free to edit these to fit your needs.\n\n#### Usage\n\nOnce you finished the setup, all you have to do is place your source and test files under the project folder, like:\n\n\n```\nyourprojectfolder/\n  *here you place your source/test files\n  grunt/\n    config/\n       *here you place all configuration files*\n    tasks/\n       *here you map the configuration files to tasks*\n```\n\nAnd then run ```grunt serve```.\n\n\n##### Additional Info\n\nCurrently this scaffold ships the following modules, so follow the links to have further information about the supported API.\n\n* [grunt-middleware-proxy](https://github.com/frankrafael/grunt-middleware-proxy)\n* [grunt-connect-rewrite](https://github.com/viart/grunt-connect-rewrite)\n* [grunt-contrib-connect](https://github.com/gruntjs/grunt-contrib-connect)\n* [grunt-contrib-watch](https://github.com/gruntjs/grunt-contrib-watch)\n',
18 silly publish   readmeFilename: 'readme.md',
18 silly publish   gitHead: '4c7020c44e824d2e01a01be48ffdb1d5bdb9800c',
18 silly publish   _id: 'generator-localwebdevtoolkit@0.0.8',
18 silly publish   _shasum: '37381511379542a125bb7afb563e6463227ac202',
18 silly publish   _from: '.' }
19 verbose getPublishConfig undefined
20 silly mapToRegistry name generator-localwebdevtoolkit
21 silly mapToRegistry using default registry
22 silly mapToRegistry registry https://registry.npmjs.org/
23 silly mapToRegistry uri https://registry.npmjs.org/generator-localwebdevtoolkit
24 verbose publish registryBase https://registry.npmjs.org/
25 silly publish uploading /Users/i834660/.npm/generator-localwebdevtoolkit/0.0.8/package.tgz
26 verbose request uri https://registry.npmjs.org/generator-localwebdevtoolkit
27 verbose request sending authorization for write operation
28 info attempt registry request try #1 at 8:46:52 PM
29 verbose request using bearer token for auth
30 verbose request id b3b8d00a4d82f18d
31 http request PUT https://registry.npmjs.org/generator-localwebdevtoolkit
32 http 403 https://registry.npmjs.org/generator-localwebdevtoolkit
33 verbose headers { 'content-type': 'application/json',
33 verbose headers   'cache-control': 'max-age=60',
33 verbose headers   'content-length': '95',
33 verbose headers   'accept-ranges': 'bytes',
33 verbose headers   date: 'Thu, 12 Nov 2015 22:46:54 GMT',
33 verbose headers   via: '1.1 varnish',
33 verbose headers   connection: 'close',
33 verbose headers   'x-served-by': 'cache-atl6225-ATL',
33 verbose headers   'x-cache': 'MISS',
33 verbose headers   'x-cache-hits': '0',
33 verbose headers   'x-timer': 'S1447368413.338346,VS0,VE800' }
34 verbose request invalidating /Users/i834660/.npm/registry.npmjs.org/generator-localwebdevtoolkit on PUT
35 error publish Failed PUT 403
36 verbose stack Error: "You cannot publish over the previously published version 0.0.8." : generator-localwebdevtoolkit
36 verbose stack     at makeError (/usr/local/lib/node_modules/npm/node_modules/npm-registry-client/lib/request.js:264:12)
36 verbose stack     at CachingRegistryClient.<anonymous> (/usr/local/lib/node_modules/npm/node_modules/npm-registry-client/lib/request.js:252:14)
36 verbose stack     at Request._callback (/usr/local/lib/node_modules/npm/node_modules/npm-registry-client/lib/request.js:172:14)
36 verbose stack     at Request.self.callback (/usr/local/lib/node_modules/npm/node_modules/request/request.js:198:22)
36 verbose stack     at emitTwo (events.js:87:13)
36 verbose stack     at Request.emit (events.js:172:7)
36 verbose stack     at Request.<anonymous> (/usr/local/lib/node_modules/npm/node_modules/request/request.js:1082:10)
36 verbose stack     at emitOne (events.js:82:20)
36 verbose stack     at Request.emit (events.js:169:7)
36 verbose stack     at IncomingMessage.<anonymous> (/usr/local/lib/node_modules/npm/node_modules/request/request.js:1009:12)
37 verbose statusCode 403
38 verbose pkgid generator-localwebdevtoolkit
39 verbose cwd /Users/i834660/GIT/generator-localwebdevtoolkit
40 error Darwin 15.0.0
41 error argv "/usr/local/bin/node" "/usr/local/bin/npm" "publish"
42 error node v5.0.0
43 error npm  v3.4.0
44 error code E403
45 error "You cannot publish over the previously published version 0.0.8." : generator-localwebdevtoolkit
46 error If you need help, you may report this error at:
46 error     <https://github.com/npm/npm/issues>
47 verbose exit [ 1, true ]
